<?xml version="1.0" encoding="UTF-8"?>
<!-- Generated by org.testng.reporters.JUnitXMLReporter -->
<testsuite ignored="0" hostname="Itctesting25" failures="10" tests="12" name="Command line test" time="0.193" errors="0" timestamp="2022-06-27T21:05:54 GMT+05:30">
  <testcase classname="program.projectTest" name="afterClassTest" time="0.002">
    <failure type="java.lang.RuntimeException" message="Test not implemented">
      <![CDATA[java.lang.RuntimeException: Test not implemented
at program.projectTest.afterClassTest(projectTest.java:61)
at java.base/java.util.ArrayList.forEach(ArrayList.java:1541)
... Removed 36 stack frames]]>
    </failure>
  </testcase> <!-- afterClassTest -->
  <testcase classname="program.projectTest" name="afterMethodTest" time="0.0">
    <failure type="java.lang.RuntimeException" message="Test not implemented">
      <![CDATA[java.lang.RuntimeException: Test not implemented
at program.projectTest.afterMethodTest(projectTest.java:66)
at java.base/java.util.ArrayList.forEach(ArrayList.java:1541)
... Removed 36 stack frames]]>
    </failure>
  </testcase> <!-- afterMethodTest -->
  <testcase classname="program.projectTest" name="afterSuiteTest" time="0.001">
    <failure type="java.lang.RuntimeException" message="Test not implemented">
      <![CDATA[java.lang.RuntimeException: Test not implemented
at program.projectTest.afterSuiteTest(projectTest.java:71)
at java.base/java.util.ArrayList.forEach(ArrayList.java:1541)
... Removed 36 stack frames]]>
    </failure>
  </testcase> <!-- afterSuiteTest -->
  <testcase classname="program.projectTest" name="afterTestTest" time="0.001">
    <failure type="java.lang.RuntimeException" message="Test not implemented">
      <![CDATA[java.lang.RuntimeException: Test not implemented
at program.projectTest.afterTestTest(projectTest.java:76)
at java.base/java.util.ArrayList.forEach(ArrayList.java:1541)
... Removed 36 stack frames]]>
    </failure>
  </testcase> <!-- afterTestTest -->
  <testcase classname="program.projectTest" name="beforeClassTest" time="0.001">
    <failure type="java.lang.RuntimeException" message="Test not implemented">
      <![CDATA[java.lang.RuntimeException: Test not implemented
at program.projectTest.beforeClassTest(projectTest.java:81)
at java.base/java.util.ArrayList.forEach(ArrayList.java:1541)
... Removed 36 stack frames]]>
    </failure>
  </testcase> <!-- beforeClassTest -->
  <testcase classname="program.projectTest" name="beforeMethodTest" time="0.003">
    <failure type="java.lang.RuntimeException" message="Test not implemented">
      <![CDATA[java.lang.RuntimeException: Test not implemented
at program.projectTest.beforeMethodTest(projectTest.java:86)
at java.base/java.util.ArrayList.forEach(ArrayList.java:1541)
... Removed 36 stack frames]]>
    </failure>
  </testcase> <!-- beforeMethodTest -->
  <testcase classname="program.projectTest" name="beforeSuiteTest" time="0.001">
    <failure type="java.lang.RuntimeException" message="Test not implemented">
      <![CDATA[java.lang.RuntimeException: Test not implemented
at program.projectTest.beforeSuiteTest(projectTest.java:91)
at java.base/java.util.ArrayList.forEach(ArrayList.java:1541)
... Removed 36 stack frames]]>
    </failure>
  </testcase> <!-- beforeSuiteTest -->
  <testcase classname="program.projectTest" name="beforeTestTest" time="0.001">
    <failure type="java.lang.RuntimeException" message="Test not implemented">
      <![CDATA[java.lang.RuntimeException: Test not implemented
at program.projectTest.beforeTestTest(projectTest.java:96)
at java.base/java.util.ArrayList.forEach(ArrayList.java:1541)
... Removed 36 stack frames]]>
    </failure>
  </testcase> <!-- beforeTestTest -->
  <testcase classname="program.projectTest" name="dpTest" time="0.001">
    <failure type="java.lang.RuntimeException" message="Test not implemented">
      <![CDATA[java.lang.RuntimeException: Test not implemented
at program.projectTest.dpTest(projectTest.java:101)
at java.base/java.util.ArrayList.forEach(ArrayList.java:1541)
... Removed 36 stack frames]]>
    </failure>
  </testcase> <!-- dpTest -->
  <testcase classname="program.projectTest" name="f" time="0.0"/>
  <testcase classname="program.projectTest" name="f" time="0.0"/>
  <testcase classname="program.projectTest" name="tstmdTest" time="0.001">
    <failure type="java.lang.RuntimeException" message="Test not implemented">
      <![CDATA[java.lang.RuntimeException: Test not implemented
at program.projectTest.tstmdTest(projectTest.java:106)
at java.base/java.util.ArrayList.forEach(ArrayList.java:1541)
... Removed 36 stack frames]]>
    </failure>
  </testcase> <!-- tstmdTest -->
</testsuite> <!-- Command line test -->
